<?xml version="1.0" encoding="UTF-8"?>
<!-- Generated by org.testng.reporters.JUnitReportReporter -->
<testsuite hostname="P5-GL89T72" name="SeleniumAd.org.SelMaven.NewTest" tests="1" failures="0" timestamp="25 Jun 2018 10:38:53 GMT" time="3.084" errors="0">
  <testcase name="f" time="3.084" classname="SeleniumAd.org.SelMaven.NewTest"/>
</testsuite> <!-- SeleniumAd.org.SelMaven.NewTest -->
